{
  "RSpec": {
    "coverage": {
      "/Users/danparry/Development/code/post-grad/tic-tac-toe-rb-immersive-alum/lib/tic_tac_toe.rb": [
        1,
        null,
        null,
        null,
        null,
        null,
        null,
        null,
        null,
        null,
        null,
        1,
        2,
        2,
        2,
        2,
        2,
        null,
        null,
        1,
        6,
        null,
        null,
        1,
        5,
        null,
        null,
        null,
        1,
        4,
        null,
        null,
        1,
        6,
        6,
        null,
        null,
        1,
        2,
        3,
        3,
        3,
        2,
        2,
        null,
        null,
        null
      ]
    },
    "timestamp": 1501690264
  }
}
